<?xml version="1.0" encoding="UTF-8"?>
<!-- Generated by org.testng.reporters.JUnitXMLReporter -->
<testsuite ignored="5" hostname="DESKTOP-DF54HEM" failures="0" tests="3" name="Default test" time="4.985" errors="0" timestamp="2024-10-28T21:43:17 AST">
  <testcase classname="myTest" name="CheckDepatDate" time="0.053"/>
  <testcase classname="myTest" name="CheckReturnDate" time="0.072"/>
  <testcase classname="myTest" name="RandomlyChangeTheLanguage" time="1.026"/>
  <testcase classname="myTest" name="CheckTheEnglishLanguage" time="0.0">
    <ignored/>
  </testcase> <!-- CheckTheEnglishLanguage -->
  <testcase classname="myTest" name="CheckNumber" time="0.0">
    <ignored/>
  </testcase> <!-- CheckNumber -->
  <testcase classname="myTest" name="CheckSearch" time="0.0">
    <ignored/>
  </testcase> <!-- CheckSearch -->
  <testcase classname="myTest" name="CheckQitafLogo" time="0.0">
    <ignored/>
  </testcase> <!-- CheckQitafLogo -->
  <testcase classname="myTest" name="CheckCurrncy" time="0.0">
    <ignored/>
  </testcase> <!-- CheckCurrncy -->
</testsuite> <!-- Default test -->
