<?xml version="1.0" encoding="UTF-8"?>
<!-- Generated by org.testng.reporters.JUnitXMLReporter -->
<testsuite ignored="5" hostname="DESKTOP-DF54HEM" failures="0" tests="2" name="Default test" time="2.949" errors="0" timestamp="2024-10-24T21:18:49 AST">
  <testcase classname="myTest" name="CheckDepatDate" time="0.077"/>
  <testcase classname="myTest" name="CheckReturnDate" time="0.02"/>
  <testcase classname="myTest" name="CheckTheEnglishLanguage" time="0.0">
    <ignored/>
  </testcase> <!-- CheckTheEnglishLanguage -->
  <testcase classname="myTest" name="CheckNumber" time="0.0">
    <ignored/>
  </testcase> <!-- CheckNumber -->
  <testcase classname="myTest" name="CheckSearch" time="0.0">
    <ignored/>
  </testcase> <!-- CheckSearch -->
  <testcase classname="myTest" name="CheckQitafLogo" time="0.0">
    <ignored/>
  </testcase> <!-- CheckQitafLogo -->
  <testcase classname="myTest" name="CheckCurrncy" time="0.0">
    <ignored/>
  </testcase> <!-- CheckCurrncy -->
</testsuite> <!-- Default test -->
