<?xml version="1.0" encoding="UTF-8"?>
<testng-results ignored="5" total="8" passed="3" failed="0" skipped="0">
  <reporter-output>
  </reporter-output>
  <suite started-at="2024-10-28T21:43:12 AST" name="Default suite" finished-at="2024-10-28T21:43:17 AST" duration-ms="4985">
    <groups>
    </groups>
    <test started-at="2024-10-28T21:43:12 AST" name="Default test" finished-at="2024-10-28T21:43:17 AST" duration-ms="4985">
      <class name="myTest">
        <test-method is-config="true" signature="mysetup()[pri:0, instance:myTest@72c28d64]" started-at="2024-10-28T21:43:12 AST" name="mysetup" finished-at="2024-10-28T21:43:16 AST" duration-ms="3794" status="PASS">
          <reporter-output>
          </reporter-output>
        </test-method> <!-- mysetup -->
        <test-method signature="CheckDepatDate()[pri:6, instance:myTest@72c28d64]" started-at="2024-10-28T21:43:16 AST" name="CheckDepatDate" finished-at="2024-10-28T21:43:16 AST" duration-ms="53" status="PASS">
          <reporter-output>
          </reporter-output>
        </test-method> <!-- CheckDepatDate -->
        <test-method signature="CheckReturnDate()[pri:7, instance:myTest@72c28d64]" started-at="2024-10-28T21:43:16 AST" name="CheckReturnDate" finished-at="2024-10-28T21:43:16 AST" duration-ms="72" status="PASS">
          <reporter-output>
          </reporter-output>
        </test-method> <!-- CheckReturnDate -->
        <test-method signature="RandomlyChangeTheLanguage()[pri:8, instance:myTest@72c28d64]" started-at="2024-10-28T21:43:16 AST" name="RandomlyChangeTheLanguage" finished-at="2024-10-28T21:43:17 AST" duration-ms="1026" status="PASS">
          <reporter-output>
          </reporter-output>
        </test-method> <!-- RandomlyChangeTheLanguage -->
      </class> <!-- myTest -->
    </test> <!-- Default test -->
  </suite> <!-- Default suite -->
</testng-results>
